<?xml version="1.0" encoding="UTF-8"?>
<!-- Generated by org.testng.reporters.JUnitXMLReporter -->
<testsuite hostname="DESKTOP-0M74OPB" name="Test" tests="4" failures="1" timestamp="12 Aug 2024 10:11:33 GMT" time="16.807" errors="0">
  <testcase name="loginTest_DataDriven" time="1.219" classname="Testcases.Login_DataDriven"/>
  <testcase name="loginTest_DataDriven" time="0.831" classname="Testcases.Login_DataDriven"/>
  <testcase name="loginTest_DataDriven" time="0.78" classname="Testcases.Login_DataDriven"/>
  <testcase name="loginTest_DataDriven" time="0.071" classname="Testcases.Login_DataDriven">
    <failure type="java.lang.IllegalArgumentException" message="Keys to send should be a not null CharSequence">
      <![CDATA[java.lang.IllegalArgumentException: Keys to send should be a not null CharSequence
	at org.openqa.selenium.remote.RemoteWebElement.sendKeys(RemoteWebElement.java:97)
	at org.openqa.selenium.support.pagefactory.internal.LocatingElementHandler.invoke(LocatingElementHandler.java:51)
	at com.sun.proxy.$Proxy16.sendKeys(Unknown Source)
	at pageObjects.LoginPage.setUserName(LoginPage.java:26)
	at Testcases.Login_DataDriven.loginTest_DataDriven(Login_DataDriven.java:17)
... Removed 28 stack frames]]>
    </failure>
  </testcase> <!-- loginTest_DataDriven -->
</testsuite> <!-- Test -->
